<?xml version="1.0" encoding="UTF-8"?>
<testsuite xmlns:xsi="http://www.w3.org/2001/XMLSchema-instance" xsi:noNamespaceSchemaLocation="https://maven.apache.org/surefire/maven-surefire-plugin/xsd/surefire-test-report.xsd" version="3.0.2" name="com.example.postDatabase.perform.BookRepositoryIntegrationTests" time="2.118" tests="4" errors="0" skipped="0" failures="3">
  <properties>
[...]
</properties>
  <testcase name="testThatBookCanBeUpdated" classname="com.example.postDatabase.perform.BookRepositoryIntegrationTests" time="0.089">
    <failure message="&#10;expected: Book(idbs=978-1-2345-6789-0, name=UPDATED, author=Author(id=null, name=Abigail Rose, age=80))&#10; but was: Book(idbs=978-1-2345-6789-0, name=UPDATED, author=Author(id=2, name=Abigail Rose, age=80))" type="org.opentest4j.AssertionFailedError"><![CDATA[org.opentest4j.AssertionFailedError: 

expected: Book(idbs=978-1-2345-6789-0, name=UPDATED, author=Author(id=null, name=Abigail Rose, age=80))
 but was: Book(idbs=978-1-2345-6789-0, name=UPDATED, author=Author(id=2, name=Abigail Rose, age=80))
	at com.example.postDatabase.perform.BookRepositoryIntegrationTests.testThatBookCanBeUpdated(BookRepositoryIntegrationTests.java:72)
	at java.base/java.lang.reflect.Method.invoke(Method.java:569)
	at java.base/java.util.ArrayList.forEach(ArrayList.java:1511)
	at java.base/java.util.ArrayList.forEach(ArrayList.java:1511)
]]></failure>
    <system-out><![CDATA[2025-07-02T15:57:47.155+05:30  INFO 21892 --- [           main] t.c.s.AnnotationConfigContextLoaderUtils : Could not detect default configuration classes for test class [com.example.postDatabase.perform.BookRepositoryIntegrationTests]: BookRepositoryIntegrationTests does not declare any static, non-private, non-final, nested classes annotated with @Configuration.
2025-07-02T15:57:47.160+05:30  INFO 21892 --- [           main] .b.t.c.SpringBootTestContextBootstrapper : Found @SpringBootConfiguration com.example.postDatabase.PostDatabaseApplication for test class com.example.postDatabase.perform.BookRepositoryIntegrationTests

  .   ____          _            __ _ _
 /\\ / ___'_ __ _ _(_)_ __  __ _ \ \ \ \
( ( )\___ | '_ | '_| | '_ \/ _` | \ \ \ \
 \\/  ___)| |_)| | | | | || (_| |  ) ) ) )
  '  |____| .__|_| |_|_| |_\__, | / / / /
 =========|_|==============|___/=/_/_/_/

 :: Spring Boot ::                (v3.5.3)

2025-07-02T15:57:47.240+05:30  INFO 21892 --- [           main] c.e.p.p.BookRepositoryIntegrationTests   : Starting BookRepositoryIntegrationTests using Java 17.0.15 with PID 21892 (started by PandeyA in C:\Users\PandeyA\Desktop\postDatabase - jpa)
2025-07-02T15:57:47.241+05:30  INFO 21892 --- [           main] c.e.p.p.BookRepositoryIntegrationTests   : No active profile set, falling back to 1 default profile: "default"
2025-07-02T15:57:47.425+05:30  INFO 21892 --- [           main] .s.d.r.c.RepositoryConfigurationDelegate : Bootstrapping Spring Data JPA repositories in DEFAULT mode.
2025-07-02T15:57:47.439+05:30  INFO 21892 --- [           main] .s.d.r.c.RepositoryConfigurationDelegate : Finished Spring Data repository scanning in 12 ms. Found 2 JPA repository interfaces.
2025-07-02T15:57:47.510+05:30  INFO 21892 --- [           main] o.hibernate.jpa.internal.util.LogHelper  : HHH000204: Processing PersistenceUnitInfo [name: default]
2025-07-02T15:57:47.514+05:30  INFO 21892 --- [           main] o.h.c.internal.RegionFactoryInitiator    : HHH000026: Second-level cache disabled
2025-07-02T15:57:47.532+05:30  INFO 21892 --- [           main] o.s.o.j.p.SpringPersistenceUnitInfo      : No LoadTimeWeaver setup: ignoring JPA class transformer
2025-07-02T15:57:47.534+05:30  INFO 21892 --- [           main] com.zaxxer.hikari.HikariDataSource       : HikariPool-4 - Starting...
2025-07-02T15:57:47.537+05:30  INFO 21892 --- [           main] com.zaxxer.hikari.pool.HikariPool        : HikariPool-4 - Added connection conn19: url=jdbc:h2:mem:testdb user=SA
2025-07-02T15:57:47.538+05:30  INFO 21892 --- [           main] com.zaxxer.hikari.HikariDataSource       : HikariPool-4 - Start completed.
2025-07-02T15:57:47.541+05:30  INFO 21892 --- [           main] org.hibernate.orm.connections.pooling    : HHH10001005: Database info:
	Database JDBC URL [Connecting through datasource 'HikariDataSource (HikariPool-4)']
	Database driver: undefined/unknown
	Database version: 2.3.232
	Autocommit mode: undefined/unknown
	Isolation level: undefined/unknown
	Minimum pool size: undefined/unknown
	Maximum pool size: undefined/unknown
Hibernate: 
    create global temporary table HTE_authors(age integer, rn_ integer not null, id bigint, name varchar(255), primary key (rn_)) TRANSACTIONAL
2025-07-02T15:57:47.599+05:30  INFO 21892 --- [           main] o.h.e.t.j.p.i.JtaPlatformInitiator       : HHH000489: No JTA platform available (set 'hibernate.transaction.jta.platform' to enable JTA platform integration)
Hibernate: 
    create table authors (
        id bigint not null,
        age integer,
        name varchar(255),
        primary key (id)
    )
Hibernate: 
    create table books (
        idbs varchar(255) not null,
        name varchar(255),
        author_id bigint,
        primary key (idbs)
    )
Hibernate: 
    create sequence author_id_seq start with 1 increment by 50
Hibernate: 
    alter table if exists books 
       add constraint FKfjixh2vym2cvfj3ufxj91jem7 
       foreign key (author_id) 
       references authors
2025-07-02T15:57:47.608+05:30  INFO 21892 --- [           main] j.LocalContainerEntityManagerFactoryBean : Initialized JPA EntityManagerFactory for persistence unit 'default'
2025-07-02T15:57:47.686+05:30  INFO 21892 --- [           main] c.e.p.p.BookRepositoryIntegrationTests   : Started BookRepositoryIntegrationTests in 0.516 seconds (process running for 8.668)
2025-07-02T15:57:47.688+05:30  INFO 21892 --- [           main] c.e.p.PostDatabaseApplication            : DatasourceHikariDataSource (HikariPool-4)
Hibernate: 
    select
        b1_0.idbs,
        a1_0.id,
        a1_0.age,
        a1_0.name,
        b1_0.name 
    from
        books b1_0 
    left join
        authors a1_0 
            on a1_0.id=b1_0.author_id 
    where
        b1_0.idbs=?
Hibernate: 
    select
        next value for author_id_seq
Hibernate: 
    insert 
    into
        authors
        (age, name, id) 
    values
        (?, ?, ?)
Hibernate: 
    insert 
    into
        books
        (author_id, name, idbs) 
    values
        (?, ?, ?)
Hibernate: 
    select
        b1_0.idbs,
        a1_0.id,
        a1_0.age,
        a1_0.name,
        b1_0.name 
    from
        books b1_0 
    left join
        authors a1_0 
            on a1_0.id=b1_0.author_id 
    where
        b1_0.idbs=?
Hibernate: 
    select
        next value for author_id_seq
Hibernate: 
    insert 
    into
        authors
        (age, name, id) 
    values
        (?, ?, ?)
Hibernate: 
    update
        books 
    set
        author_id=?,
        name=? 
    where
        idbs=?
Hibernate: 
    select
        b1_0.idbs,
        a1_0.id,
        a1_0.age,
        a1_0.name,
        b1_0.name 
    from
        books b1_0 
    left join
        authors a1_0 
            on a1_0.id=b1_0.author_id 
    where
        b1_0.idbs=?
2025-07-02T15:57:47.753+05:30  INFO 21892 --- [           main] j.LocalContainerEntityManagerFactoryBean : Closing JPA EntityManagerFactory for persistence unit 'default'
2025-07-02T15:57:47.754+05:30  INFO 21892 --- [           main] com.zaxxer.hikari.HikariDataSource       : HikariPool-4 - Shutdown initiated...
2025-07-02T15:57:47.776+05:30  INFO 21892 --- [           main] com.zaxxer.hikari.HikariDataSource       : HikariPool-4 - Shutdown completed.
]]></system-out>
  </testcase>
  <testcase name="testThatBookCanBeCreatedAndRecalled" classname="com.example.postDatabase.perform.BookRepositoryIntegrationTests" time="0.067">
    <failure message="&#10;expected: Book(idbs=978-1-2345-6789-0, name=The Shadow in the Attic, author=Author(id=null, name=Abigail Rose, age=80))&#10; but was: Book(idbs=978-1-2345-6789-0, name=The Shadow in the Attic, author=Author(id=1, name=Abigail Rose, age=80))" type="org.opentest4j.AssertionFailedError"><![CDATA[org.opentest4j.AssertionFailedError: 

expected: Book(idbs=978-1-2345-6789-0, name=The Shadow in the Attic, author=Author(id=null, name=Abigail Rose, age=80))
 but was: Book(idbs=978-1-2345-6789-0, name=The Shadow in the Attic, author=Author(id=1, name=Abigail Rose, age=80))
	at com.example.postDatabase.perform.BookRepositoryIntegrationTests.testThatBookCanBeCreatedAndRecalled(BookRepositoryIntegrationTests.java:38)
	at java.base/java.lang.reflect.Method.invoke(Method.java:569)
	at java.base/java.util.ArrayList.forEach(ArrayList.java:1511)
	at java.base/java.util.ArrayList.forEach(ArrayList.java:1511)
]]></failure>
    <system-out><![CDATA[
  .   ____          _            __ _ _
 /\\ / ___'_ __ _ _(_)_ __  __ _ \ \ \ \
( ( )\___ | '_ | '_| | '_ \/ _` | \ \ \ \
 \\/  ___)| |_)| | | | | || (_| |  ) ) ) )
  '  |____| .__|_| |_|_| |_\__, | / / / /
 =========|_|==============|___/=/_/_/_/

 :: Spring Boot ::                (v3.5.3)

2025-07-02T15:57:47.849+05:30  INFO 21892 --- [           main] c.e.p.p.BookRepositoryIntegrationTests   : Starting BookRepositoryIntegrationTests using Java 17.0.15 with PID 21892 (started by PandeyA in C:\Users\PandeyA\Desktop\postDatabase - jpa)
2025-07-02T15:57:47.849+05:30  INFO 21892 --- [           main] c.e.p.p.BookRepositoryIntegrationTests   : No active profile set, falling back to 1 default profile: "default"
2025-07-02T15:57:47.978+05:30  INFO 21892 --- [           main] .s.d.r.c.RepositoryConfigurationDelegate : Bootstrapping Spring Data JPA repositories in DEFAULT mode.
2025-07-02T15:57:47.996+05:30  INFO 21892 --- [           main] .s.d.r.c.RepositoryConfigurationDelegate : Finished Spring Data repository scanning in 14 ms. Found 2 JPA repository interfaces.
2025-07-02T15:57:48.096+05:30  INFO 21892 --- [           main] o.hibernate.jpa.internal.util.LogHelper  : HHH000204: Processing PersistenceUnitInfo [name: default]
2025-07-02T15:57:48.099+05:30  INFO 21892 --- [           main] o.h.c.internal.RegionFactoryInitiator    : HHH000026: Second-level cache disabled
2025-07-02T15:57:48.110+05:30  INFO 21892 --- [           main] o.s.o.j.p.SpringPersistenceUnitInfo      : No LoadTimeWeaver setup: ignoring JPA class transformer
2025-07-02T15:57:48.111+05:30  INFO 21892 --- [           main] com.zaxxer.hikari.HikariDataSource       : HikariPool-5 - Starting...
2025-07-02T15:57:48.114+05:30  INFO 21892 --- [           main] com.zaxxer.hikari.pool.HikariPool        : HikariPool-5 - Added connection conn23: url=jdbc:h2:mem:testdb user=SA
2025-07-02T15:57:48.114+05:30  INFO 21892 --- [           main] com.zaxxer.hikari.HikariDataSource       : HikariPool-5 - Start completed.
2025-07-02T15:57:48.115+05:30  INFO 21892 --- [           main] org.hibernate.orm.connections.pooling    : HHH10001005: Database info:
	Database JDBC URL [Connecting through datasource 'HikariDataSource (HikariPool-5)']
	Database driver: undefined/unknown
	Database version: 2.3.232
	Autocommit mode: undefined/unknown
	Isolation level: undefined/unknown
	Minimum pool size: undefined/unknown
	Maximum pool size: undefined/unknown
Hibernate: 
    create global temporary table HTE_authors(age integer, rn_ integer not null, id bigint, name varchar(255), primary key (rn_)) TRANSACTIONAL
2025-07-02T15:57:48.158+05:30  INFO 21892 --- [           main] o.h.e.t.j.p.i.JtaPlatformInitiator       : HHH000489: No JTA platform available (set 'hibernate.transaction.jta.platform' to enable JTA platform integration)
Hibernate: 
    create table authors (
        id bigint not null,
        age integer,
        name varchar(255),
        primary key (id)
    )
Hibernate: 
    create table books (
        idbs varchar(255) not null,
        name varchar(255),
        author_id bigint,
        primary key (idbs)
    )
Hibernate: 
    create sequence author_id_seq start with 1 increment by 50
Hibernate: 
    alter table if exists books 
       add constraint FKfjixh2vym2cvfj3ufxj91jem7 
       foreign key (author_id) 
       references authors
2025-07-02T15:57:48.165+05:30  INFO 21892 --- [           main] j.LocalContainerEntityManagerFactoryBean : Initialized JPA EntityManagerFactory for persistence unit 'default'
2025-07-02T15:57:48.236+05:30  INFO 21892 --- [           main] c.e.p.p.BookRepositoryIntegrationTests   : Started BookRepositoryIntegrationTests in 0.443 seconds (process running for 9.216)
2025-07-02T15:57:48.237+05:30  INFO 21892 --- [           main] c.e.p.PostDatabaseApplication            : DatasourceHikariDataSource (HikariPool-5)
Hibernate: 
    select
        b1_0.idbs,
        a1_0.id,
        a1_0.age,
        a1_0.name,
        b1_0.name 
    from
        books b1_0 
    left join
        authors a1_0 
            on a1_0.id=b1_0.author_id 
    where
        b1_0.idbs=?
Hibernate: 
    select
        next value for author_id_seq
Hibernate: 
    insert 
    into
        authors
        (age, name, id) 
    values
        (?, ?, ?)
Hibernate: 
    insert 
    into
        books
        (author_id, name, idbs) 
    values
        (?, ?, ?)
Hibernate: 
    select
        b1_0.idbs,
        a1_0.id,
        a1_0.age,
        a1_0.name,
        b1_0.name 
    from
        books b1_0 
    left join
        authors a1_0 
            on a1_0.id=b1_0.author_id 
    where
        b1_0.idbs=?
2025-07-02T15:57:48.260+05:30  INFO 21892 --- [           main] j.LocalContainerEntityManagerFactoryBean : Closing JPA EntityManagerFactory for persistence unit 'default'
2025-07-02T15:57:48.260+05:30  INFO 21892 --- [           main] com.zaxxer.hikari.HikariDataSource       : HikariPool-5 - Shutdown initiated...
2025-07-02T15:57:48.304+05:30  INFO 21892 --- [           main] com.zaxxer.hikari.HikariDataSource       : HikariPool-5 - Shutdown completed.
]]></system-out>
  </testcase>
  <testcase name="testThatBookCanBeDeleted" classname="com.example.postDatabase.perform.BookRepositoryIntegrationTests" time="0.044">
    <system-out><![CDATA[
  .   ____          _            __ _ _
 /\\ / ___'_ __ _ _(_)_ __  __ _ \ \ \ \
( ( )\___ | '_ | '_| | '_ \/ _` | \ \ \ \
 \\/  ___)| |_)| | | | | || (_| |  ) ) ) )
  '  |____| .__|_| |_|_| |_\__, | / / / /
 =========|_|==============|___/=/_/_/_/

 :: Spring Boot ::                (v3.5.3)

2025-07-02T15:57:48.358+05:30  INFO 21892 --- [           main] c.e.p.p.BookRepositoryIntegrationTests   : Starting BookRepositoryIntegrationTests using Java 17.0.15 with PID 21892 (started by PandeyA in C:\Users\PandeyA\Desktop\postDatabase - jpa)
2025-07-02T15:57:48.358+05:30  INFO 21892 --- [           main] c.e.p.p.BookRepositoryIntegrationTests   : No active profile set, falling back to 1 default profile: "default"
2025-07-02T15:57:48.496+05:30  INFO 21892 --- [           main] .s.d.r.c.RepositoryConfigurationDelegate : Bootstrapping Spring Data JPA repositories in DEFAULT mode.
2025-07-02T15:57:48.515+05:30  INFO 21892 --- [           main] .s.d.r.c.RepositoryConfigurationDelegate : Finished Spring Data repository scanning in 16 ms. Found 2 JPA repository interfaces.
2025-07-02T15:57:48.620+05:30  INFO 21892 --- [           main] o.hibernate.jpa.internal.util.LogHelper  : HHH000204: Processing PersistenceUnitInfo [name: default]
2025-07-02T15:57:48.626+05:30  INFO 21892 --- [           main] o.h.c.internal.RegionFactoryInitiator    : HHH000026: Second-level cache disabled
2025-07-02T15:57:48.640+05:30  INFO 21892 --- [           main] o.s.o.j.p.SpringPersistenceUnitInfo      : No LoadTimeWeaver setup: ignoring JPA class transformer
2025-07-02T15:57:48.641+05:30  INFO 21892 --- [           main] com.zaxxer.hikari.HikariDataSource       : HikariPool-6 - Starting...
2025-07-02T15:57:48.644+05:30  INFO 21892 --- [           main] com.zaxxer.hikari.pool.HikariPool        : HikariPool-6 - Added connection conn26: url=jdbc:h2:mem:testdb user=SA
2025-07-02T15:57:48.644+05:30  INFO 21892 --- [           main] com.zaxxer.hikari.HikariDataSource       : HikariPool-6 - Start completed.
2025-07-02T15:57:48.645+05:30  INFO 21892 --- [           main] org.hibernate.orm.connections.pooling    : HHH10001005: Database info:
	Database JDBC URL [Connecting through datasource 'HikariDataSource (HikariPool-6)']
	Database driver: undefined/unknown
	Database version: 2.3.232
	Autocommit mode: undefined/unknown
	Isolation level: undefined/unknown
	Minimum pool size: undefined/unknown
	Maximum pool size: undefined/unknown
Hibernate: 
    create global temporary table HTE_authors(age integer, rn_ integer not null, id bigint, name varchar(255), primary key (rn_)) TRANSACTIONAL
2025-07-02T15:57:48.683+05:30  INFO 21892 --- [           main] o.h.e.t.j.p.i.JtaPlatformInitiator       : HHH000489: No JTA platform available (set 'hibernate.transaction.jta.platform' to enable JTA platform integration)
Hibernate: 
    create table authors (
        id bigint not null,
        age integer,
        name varchar(255),
        primary key (id)
    )
Hibernate: 
    create table books (
        idbs varchar(255) not null,
        name varchar(255),
        author_id bigint,
        primary key (idbs)
    )
Hibernate: 
    create sequence author_id_seq start with 1 increment by 50
Hibernate: 
    alter table if exists books 
       add constraint FKfjixh2vym2cvfj3ufxj91jem7 
       foreign key (author_id) 
       references authors
2025-07-02T15:57:48.687+05:30  INFO 21892 --- [           main] j.LocalContainerEntityManagerFactoryBean : Initialized JPA EntityManagerFactory for persistence unit 'default'
2025-07-02T15:57:48.742+05:30  INFO 21892 --- [           main] c.e.p.p.BookRepositoryIntegrationTests   : Started BookRepositoryIntegrationTests in 0.428 seconds (process running for 9.724)
2025-07-02T15:57:48.743+05:30  INFO 21892 --- [           main] c.e.p.PostDatabaseApplication            : DatasourceHikariDataSource (HikariPool-6)
Hibernate: 
    select
        b1_0.idbs,
        a1_0.id,
        a1_0.age,
        a1_0.name,
        b1_0.name 
    from
        books b1_0 
    left join
        authors a1_0 
            on a1_0.id=b1_0.author_id 
    where
        b1_0.idbs=?
Hibernate: 
    select
        next value for author_id_seq
Hibernate: 
    insert 
    into
        authors
        (age, name, id) 
    values
        (?, ?, ?)
Hibernate: 
    insert 
    into
        books
        (author_id, name, idbs) 
    values
        (?, ?, ?)
Hibernate: 
    select
        b1_0.idbs,
        a1_0.id,
        a1_0.age,
        a1_0.name,
        b1_0.name 
    from
        books b1_0 
    left join
        authors a1_0 
            on a1_0.id=b1_0.author_id 
    where
        b1_0.idbs=?
Hibernate: 
    delete 
    from
        books 
    where
        idbs=?
Hibernate: 
    delete 
    from
        authors 
    where
        id=?
Hibernate: 
    select
        b1_0.idbs,
        a1_0.id,
        a1_0.age,
        a1_0.name,
        b1_0.name 
    from
        books b1_0 
    left join
        authors a1_0 
            on a1_0.id=b1_0.author_id 
    where
        b1_0.idbs=?
2025-07-02T15:57:48.776+05:30  INFO 21892 --- [           main] j.LocalContainerEntityManagerFactoryBean : Closing JPA EntityManagerFactory for persistence unit 'default'
2025-07-02T15:57:48.777+05:30  INFO 21892 --- [           main] com.zaxxer.hikari.HikariDataSource       : HikariPool-6 - Shutdown initiated...
2025-07-02T15:57:48.789+05:30  INFO 21892 --- [           main] com.zaxxer.hikari.HikariDataSource       : HikariPool-6 - Shutdown completed.
]]></system-out>
  </testcase>
  <testcase name="testThatMultipleBooksCanBeCreatedAndRecalled" classname="com.example.postDatabase.perform.BookRepositoryIntegrationTests" time="0.057">
    <failure message="&#10;Expecting actual:&#10;  [Book(idbs=978-1-2345-6789-0, name=The Shadow in the Attic, author=Author(id=1, name=Abigail Rose, age=80)),&#10;    Book(idbs=978-1-2345-6789-1, name=Beyond the Horizon, author=Author(id=2, name=Abigail Rose, age=80)),&#10;    Book(idbs=978-1-2345-6789-2, name=The Last Ember, author=Author(id=3, name=Abigail Rose, age=80))]&#10;to contain exactly (and in same order):&#10;  [Book(idbs=978-1-2345-6789-0, name=The Shadow in the Attic, author=Author(id=null, name=Abigail Rose, age=80)),&#10;    Book(idbs=978-1-2345-6789-1, name=Beyond the Horizon, author=Author(id=null, name=Abigail Rose, age=80)),&#10;    Book(idbs=978-1-2345-6789-2, name=The Last Ember, author=Author(id=null, name=Abigail Rose, age=80))]&#10;but some elements were not found:&#10;  [Book(idbs=978-1-2345-6789-0, name=The Shadow in the Attic, author=Author(id=null, name=Abigail Rose, age=80)),&#10;    Book(idbs=978-1-2345-6789-1, name=Beyond the Horizon, author=Author(id=null, name=Abigail Rose, age=80)),&#10;    Book(idbs=978-1-2345-6789-2, name=The Last Ember, author=Author(id=null, name=Abigail Rose, age=80))]&#10;and others were not expected:&#10;  [Book(idbs=978-1-2345-6789-0, name=The Shadow in the Attic, author=Author(id=1, name=Abigail Rose, age=80)),&#10;    Book(idbs=978-1-2345-6789-1, name=Beyond the Horizon, author=Author(id=2, name=Abigail Rose, age=80)),&#10;    Book(idbs=978-1-2345-6789-2, name=The Last Ember, author=Author(id=3, name=Abigail Rose, age=80))]&#10;" type="org.opentest4j.AssertionFailedError"><![CDATA[org.opentest4j.AssertionFailedError: 

Expecting actual:
  [Book(idbs=978-1-2345-6789-0, name=The Shadow in the Attic, author=Author(id=1, name=Abigail Rose, age=80)),
    Book(idbs=978-1-2345-6789-1, name=Beyond the Horizon, author=Author(id=2, name=Abigail Rose, age=80)),
    Book(idbs=978-1-2345-6789-2, name=The Last Ember, author=Author(id=3, name=Abigail Rose, age=80))]
to contain exactly (and in same order):
  [Book(idbs=978-1-2345-6789-0, name=The Shadow in the Attic, author=Author(id=null, name=Abigail Rose, age=80)),
    Book(idbs=978-1-2345-6789-1, name=Beyond the Horizon, author=Author(id=null, name=Abigail Rose, age=80)),
    Book(idbs=978-1-2345-6789-2, name=The Last Ember, author=Author(id=null, name=Abigail Rose, age=80))]
but some elements were not found:
  [Book(idbs=978-1-2345-6789-0, name=The Shadow in the Attic, author=Author(id=null, name=Abigail Rose, age=80)),
    Book(idbs=978-1-2345-6789-1, name=Beyond the Horizon, author=Author(id=null, name=Abigail Rose, age=80)),
    Book(idbs=978-1-2345-6789-2, name=The Last Ember, author=Author(id=null, name=Abigail Rose, age=80))]
and others were not expected:
  [Book(idbs=978-1-2345-6789-0, name=The Shadow in the Attic, author=Author(id=1, name=Abigail Rose, age=80)),
    Book(idbs=978-1-2345-6789-1, name=Beyond the Horizon, author=Author(id=2, name=Abigail Rose, age=80)),
    Book(idbs=978-1-2345-6789-2, name=The Last Ember, author=Author(id=3, name=Abigail Rose, age=80))]

	at com.example.postDatabase.perform.BookRepositoryIntegrationTests.testThatMultipleBooksCanBeCreatedAndRecalled(BookRepositoryIntegrationTests.java:57)
	at java.base/java.lang.reflect.Method.invoke(Method.java:569)
	at java.base/java.util.ArrayList.forEach(ArrayList.java:1511)
	at java.base/java.util.ArrayList.forEach(ArrayList.java:1511)
]]></failure>
    <system-out><![CDATA[
  .   ____          _            __ _ _
 /\\ / ___'_ __ _ _(_)_ __  __ _ \ \ \ \
( ( )\___ | '_ | '_| | '_ \/ _` | \ \ \ \
 \\/  ___)| |_)| | | | | || (_| |  ) ) ) )
  '  |____| .__|_| |_|_| |_\__, | / / / /
 =========|_|==============|___/=/_/_/_/

 :: Spring Boot ::                (v3.5.3)

2025-07-02T15:57:48.817+05:30  INFO 21892 --- [           main] c.e.p.p.BookRepositoryIntegrationTests   : Starting BookRepositoryIntegrationTests using Java 17.0.15 with PID 21892 (started by PandeyA in C:\Users\PandeyA\Desktop\postDatabase - jpa)
2025-07-02T15:57:48.818+05:30  INFO 21892 --- [           main] c.e.p.p.BookRepositoryIntegrationTests   : No active profile set, falling back to 1 default profile: "default"
2025-07-02T15:57:48.973+05:30  INFO 21892 --- [           main] .s.d.r.c.RepositoryConfigurationDelegate : Bootstrapping Spring Data JPA repositories in DEFAULT mode.
2025-07-02T15:57:48.987+05:30  INFO 21892 --- [           main] .s.d.r.c.RepositoryConfigurationDelegate : Finished Spring Data repository scanning in 11 ms. Found 2 JPA repository interfaces.
2025-07-02T15:57:49.053+05:30  INFO 21892 --- [           main] o.hibernate.jpa.internal.util.LogHelper  : HHH000204: Processing PersistenceUnitInfo [name: default]
2025-07-02T15:57:49.058+05:30  INFO 21892 --- [           main] o.h.c.internal.RegionFactoryInitiator    : HHH000026: Second-level cache disabled
2025-07-02T15:57:49.072+05:30  INFO 21892 --- [           main] o.s.o.j.p.SpringPersistenceUnitInfo      : No LoadTimeWeaver setup: ignoring JPA class transformer
2025-07-02T15:57:49.074+05:30  INFO 21892 --- [           main] com.zaxxer.hikari.HikariDataSource       : HikariPool-7 - Starting...
2025-07-02T15:57:49.076+05:30  INFO 21892 --- [           main] com.zaxxer.hikari.pool.HikariPool        : HikariPool-7 - Added connection conn28: url=jdbc:h2:mem:testdb user=SA
2025-07-02T15:57:49.077+05:30  INFO 21892 --- [           main] com.zaxxer.hikari.HikariDataSource       : HikariPool-7 - Start completed.
2025-07-02T15:57:49.079+05:30  INFO 21892 --- [           main] org.hibernate.orm.connections.pooling    : HHH10001005: Database info:
	Database JDBC URL [Connecting through datasource 'HikariDataSource (HikariPool-7)']
	Database driver: undefined/unknown
	Database version: 2.3.232
	Autocommit mode: undefined/unknown
	Isolation level: undefined/unknown
	Minimum pool size: undefined/unknown
	Maximum pool size: undefined/unknown
Hibernate: 
    create global temporary table HTE_authors(age integer, rn_ integer not null, id bigint, name varchar(255), primary key (rn_)) TRANSACTIONAL
2025-07-02T15:57:49.133+05:30  INFO 21892 --- [           main] o.h.e.t.j.p.i.JtaPlatformInitiator       : HHH000489: No JTA platform available (set 'hibernate.transaction.jta.platform' to enable JTA platform integration)
Hibernate: 
    create table authors (
        id bigint not null,
        age integer,
        name varchar(255),
        primary key (id)
    )
Hibernate: 
    create table books (
        idbs varchar(255) not null,
        name varchar(255),
        author_id bigint,
        primary key (idbs)
    )
Hibernate: 
    create sequence author_id_seq start with 1 increment by 50
Hibernate: 
    alter table if exists books 
       add constraint FKfjixh2vym2cvfj3ufxj91jem7 
       foreign key (author_id) 
       references authors
2025-07-02T15:57:49.140+05:30  INFO 21892 --- [           main] j.LocalContainerEntityManagerFactoryBean : Initialized JPA EntityManagerFactory for persistence unit 'default'
2025-07-02T15:57:49.199+05:30  INFO 21892 --- [           main] c.e.p.p.BookRepositoryIntegrationTests   : Started BookRepositoryIntegrationTests in 0.406 seconds (process running for 10.18)
2025-07-02T15:57:49.200+05:30  INFO 21892 --- [           main] c.e.p.PostDatabaseApplication            : DatasourceHikariDataSource (HikariPool-7)
Hibernate: 
    select
        b1_0.idbs,
        a1_0.id,
        a1_0.age,
        a1_0.name,
        b1_0.name 
    from
        books b1_0 
    left join
        authors a1_0 
            on a1_0.id=b1_0.author_id 
    where
        b1_0.idbs=?
Hibernate: 
    select
        next value for author_id_seq
Hibernate: 
    insert 
    into
        authors
        (age, name, id) 
    values
        (?, ?, ?)
Hibernate: 
    insert 
    into
        books
        (author_id, name, idbs) 
    values
        (?, ?, ?)
Hibernate: 
    select
        b1_0.idbs,
        a1_0.id,
        a1_0.age,
        a1_0.name,
        b1_0.name 
    from
        books b1_0 
    left join
        authors a1_0 
            on a1_0.id=b1_0.author_id 
    where
        b1_0.idbs=?
Hibernate: 
    select
        next value for author_id_seq
Hibernate: 
    insert 
    into
        authors
        (age, name, id) 
    values
        (?, ?, ?)
Hibernate: 
    insert 
    into
        books
        (author_id, name, idbs) 
    values
        (?, ?, ?)
Hibernate: 
    select
        b1_0.idbs,
        a1_0.id,
        a1_0.age,
        a1_0.name,
        b1_0.name 
    from
        books b1_0 
    left join
        authors a1_0 
            on a1_0.id=b1_0.author_id 
    where
        b1_0.idbs=?
Hibernate: 
    insert 
    into
        authors
        (age, name, id) 
    values
        (?, ?, ?)
Hibernate: 
    insert 
    into
        books
        (author_id, name, idbs) 
    values
        (?, ?, ?)
Hibernate: 
    select
        b1_0.idbs,
        b1_0.author_id,
        b1_0.name 
    from
        books b1_0
Hibernate: 
    select
        a1_0.id,
        a1_0.age,
        a1_0.name 
    from
        authors a1_0 
    where
        a1_0.id=?
Hibernate: 
    select
        a1_0.id,
        a1_0.age,
        a1_0.name 
    from
        authors a1_0 
    where
        a1_0.id=?
Hibernate: 
    select
        a1_0.id,
        a1_0.age,
        a1_0.name 
    from
        authors a1_0 
    where
        a1_0.id=?
2025-07-02T15:57:49.250+05:30  INFO 21892 --- [           main] j.LocalContainerEntityManagerFactoryBean : Closing JPA EntityManagerFactory for persistence unit 'default'
2025-07-02T15:57:49.250+05:30  INFO 21892 --- [           main] com.zaxxer.hikari.HikariDataSource       : HikariPool-7 - Shutdown initiated...
2025-07-02T15:57:49.258+05:30  INFO 21892 --- [           main] com.zaxxer.hikari.HikariDataSource       : HikariPool-7 - Shutdown completed.
]]></system-out>
  </testcase>
</testsuite>